<?xml version="1.0" encoding="UTF-8"?>
<testsuites>
  <testsuite name="fastlane.lanes">
    
    
    
      
      <testcase classname="fastlane.lanes" name="0: default_platform" time="0.0008725">
        
      </testcase>
    
      
      <testcase classname="fastlane.lanes" name="1: flutter clean" time="9.0351326">
        
      </testcase>
    
      
      <testcase classname="fastlane.lanes" name="2: flutter build apk --release --no-tree-shake-icons" time="65.2200353">
        
          <failure message="C:/Ruby34-x64/lib/ruby/gems/3.4.0/gems/fastlane-2.227.1/fastlane/lib/fastlane/actions/actions_helper.rb:67:in &apos;Fastlane::Actions.execute_action&apos;&#10;C:/Ruby34-x64/lib/ruby/gems/3.4.0/gems/fastlane-2.227.1/fastlane/lib/fastlane/fast_file.rb:224:in &apos;Fastlane::FastFile.sh&apos;&#10;C:/Ruby34-x64/lib/ruby/gems/3.4.0/gems/fastlane-2.227.1/fastlane/lib/fastlane/fast_file.rb:216:in &apos;Fastlane::FastFile#sh&apos;&#10;Fastfile:8:in &apos;block (2 levels) in Fastlane::FastFile#parsing_binding&apos;&#10;C:/Ruby34-x64/lib/ruby/gems/3.4.0/gems/fastlane-2.227.1/fastlane/lib/fastlane/lane.rb:41:in &apos;Fastlane::Lane#call&apos;&#10;C:/Ruby34-x64/lib/ruby/gems/3.4.0/gems/fastlane-2.227.1/fastlane/lib/fastlane/runner.rb:49:in &apos;block in Fastlane::Runner#execute&apos;&#10;C:/Ruby34-x64/lib/ruby/gems/3.4.0/gems/fastlane-2.227.1/fastlane/lib/fastlane/runner.rb:45:in &apos;Dir.chdir&apos;&#10;C:/Ruby34-x64/lib/ruby/gems/3.4.0/gems/fastlane-2.227.1/fastlane/lib/fastlane/runner.rb:45:in &apos;Fastlane::Runner#execute&apos;&#10;C:/Ruby34-x64/lib/ruby/gems/3.4.0/gems/fastlane-2.227.1/fastlane/lib/fastlane/lane_manager.rb:46:in &apos;Fastlane::LaneManager.cruise_lane&apos;&#10;C:/Ruby34-x64/lib/ruby/gems/3.4.0/gems/fastlane-2.227.1/fastlane/lib/fastlane/command_line_handler.rb:34:in &apos;Fastlane::CommandLineHandler.handle&apos;&#10;C:/Ruby34-x64/lib/ruby/gems/3.4.0/gems/fastlane-2.227.1/fastlane/lib/fastlane/commands_generator.rb:110:in &apos;block (2 levels) in Fastlane::CommandsGenerator#run&apos;&#10;C:/Ruby34-x64/lib/ruby/gems/3.4.0/gems/commander-4.6.0/lib/commander/command.rb:187:in &apos;Commander::Command#call&apos;&#10;C:/Ruby34-x64/lib/ruby/gems/3.4.0/gems/commander-4.6.0/lib/commander/command.rb:157:in &apos;Commander::Command#run&apos;&#10;C:/Ruby34-x64/lib/ruby/gems/3.4.0/gems/commander-4.6.0/lib/commander/runner.rb:444:in &apos;Commander::Runner#run_active_command&apos;&#10;C:/Ruby34-x64/lib/ruby/gems/3.4.0/gems/fastlane-2.227.1/fastlane_core/lib/fastlane_core/ui/fastlane_runner.rb:124:in &apos;Commander::Runner#run!&apos;&#10;C:/Ruby34-x64/lib/ruby/gems/3.4.0/gems/commander-4.6.0/lib/commander/delegates.rb:18:in &apos;Commander::Delegates#run!&apos;&#10;C:/Ruby34-x64/lib/ruby/gems/3.4.0/gems/fastlane-2.227.1/fastlane/lib/fastlane/commands_generator.rb:363:in &apos;Fastlane::CommandsGenerator#run&apos;&#10;C:/Ruby34-x64/lib/ruby/gems/3.4.0/gems/fastlane-2.227.1/fastlane/lib/fastlane/commands_generator.rb:43:in &apos;Fastlane::CommandsGenerator.start&apos;&#10;C:/Ruby34-x64/lib/ruby/gems/3.4.0/gems/fastlane-2.227.1/fastlane/lib/fastlane/cli_tools_distributor.rb:123:in &apos;Fastlane::CLIToolsDistributor.take_off&apos;&#10;C:/Ruby34-x64/lib/ruby/gems/3.4.0/gems/fastlane-2.227.1/bin/fastlane:23:in &apos;&lt;top (required)&gt;&apos;&#10;C:/Ruby34-x64/bin/fastlane:25:in &apos;Kernel#load&apos;&#10;C:/Ruby34-x64/bin/fastlane:25:in &apos;&lt;main&gt;&apos;&#10;&#10;Exit status of command &apos;flutter build apk --release --no-tree-shake-icons&apos; was 1 instead of 0.&#10;Changing current working directory to: F:\projects\Your-Seat-Graduation-Project&#10;Resolving dependencies...&#10;Downloading packages...&#10;  _fe_analyzer_shared 72.0.0 (82.0.0 available)&#10;  analyzer 6.7.0 (7.4.4 available)&#10;  animate_do 3.3.9 (4.2.0 available)&#10;  archive 4.0.5 (4.0.7 available)&#10;  async 2.11.0 (2.13.0 available)&#10;  bloc 8.1.4 (9.0.0 available)&#10;  boolean_selector 2.1.1 (2.1.2 available)&#10;  build 2.4.1 (2.4.2 available)&#10;  build_config 1.1.1 (1.1.2 available)&#10;  build_daemon 4.0.2 (4.0.4 available)&#10;  build_resolvers 2.4.2 (2.4.4 available)&#10;  build_runner 2.4.13 (2.4.15 available)&#10;  build_runner_core 7.3.2 (8.0.0 available)&#10;  characters 1.3.0 (1.4.0 available)&#10;  clock 1.1.1 (1.1.2 available)&#10;  collection 1.18.0 (1.19.1 available)&#10;  dart_style 2.3.7 (3.0.1 available)&#10;  fake_async 1.3.1 (1.3.3 available)&#10;  ffi 2.1.3 (2.1.4 available)&#10;  flutter_bloc 8.1.6 (9.1.0 available)&#10;  flutter_facebook_auth 6.0.4 (7.1.1 available)&#10;  flutter_facebook_auth_platform_interface 5.0.0 (6.1.2 available)&#10;  flutter_facebook_auth_web 5.0.1 (6.1.2 available)&#10;  flutter_localization 0.2.3 (0.3.2 available)&#10;  flutter_plugin_android_lifecycle 2.0.26 (2.0.28 available)&#10;  freezed_annotation 2.4.4 (3.0.0 available)&#10;  geolocator 9.0.2 (14.0.0 available)&#10;  geolocator_android 4.6.1 (5.0.1+1 available)&#10;  geolocator_web 2.2.1 (4.1.3 available)&#10;  geolocator_windows 0.1.3 (0.2.5 available)&#10;  google_identity_services_web 0.3.3 (0.3.3+1 available)&#10;  google_maps_flutter 2.10.1 (2.12.1 available)&#10;  google_maps_flutter_android 2.14.13 (2.16.1 available)&#10;  google_maps_flutter_ios 2.15.1 (2.15.2 available)&#10;  google_sign_in 6.2.2 (6.3.0 available)&#10;  google_sign_in_android 6.1.35 (6.2.1 available)&#10;  google_sign_in_ios 5.8.1 (5.9.0 available)&#10;  html 0.15.5+1 (0.15.6 available)&#10;  http_parser 4.0.2 (4.1.2 available)&#10;  image_picker_android 0.8.12+21 (0.8.12+23 available)&#10;  intl 0.19.0 (0.20.2 available)&#10;  js 0.7.1 (0.7.2 available)&#10;  leak_tracker 10.0.5 (11.0.1 available)&#10;  leak_tracker_flutter_testing 3.0.5 (3.0.10 available)&#10;  leak_tracker_testing 3.0.1 (3.0.2 available)&#10;  lints 5.0.0 (6.0.0 available)&#10;  macros 0.1.2-main.4 (0.1.3-main.0 available)&#10;  matcher 0.12.16+1 (0.12.17 available)&#10;  material_color_utilities 0.11.1 (0.12.0 available)&#10;  meta 1.15.0 (1.16.0 available)&#10;  path 1.9.0 (1.9.1 available)&#10;  path_provider_android 2.2.15 (2.2.17 available)&#10;  permission_handler 11.4.0 (12.0.0+1 available)&#10;  permission_handler_android 12.1.0 (13.0.1 available)&#10;  petitparser 6.0.2 (6.1.0 available)&#10;  posix 6.0.1 (6.0.2 available)&#10;  pubspec_parse 1.4.0 (1.5.0 available)&#10;  shared_preferences_android 2.4.7 (2.4.10 available)&#10;  shelf 1.4.1 (1.4.2 available)&#10;  shelf_web_socket 2.0.1 (3.0.0 available)&#10;  source_gen 1.5.0 (2.0.0 available)&#10;  source_span 1.10.0 (1.10.1 available)&#10;  sqflite 2.4.1 (2.4.2 available)&#10;  sqflite_android 2.4.0 (2.4.1 available)&#10;  sqflite_common 2.5.4+6 (2.5.5 available)&#10;  sqflite_darwin 2.4.1+1 (2.4.2 available)&#10;  stack_trace 1.11.1 (1.12.1 available)&#10;  stream_channel 2.1.2 (2.1.4 available)&#10;  string_scanner 1.2.0 (1.4.1 available)&#10;  synchronized 3.3.0+3 (3.3.1 available)&#10;  table_calendar 3.1.3 (3.2.0 available)&#10;  term_glyph 1.2.1 (1.2.2 available)&#10;  test_api 0.7.2 (0.7.4 available)&#10;  url_launcher_android 6.3.14 (6.3.16 available)&#10;  url_launcher_web 2.3.3 (2.4.1 available)&#10;  vector_math 2.1.4 (2.1.5 available)&#10;  vm_service 14.2.5 (15.0.0 available)&#10;  web_socket 0.1.6 (1.0.0 available)&#10;  web_socket_channel 3.0.2 (3.0.3 available)&#10;  webview_flutter 4.10.0 (4.11.0 available)&#10;  webview_flutter_android 4.3.2 (4.4.1 available)&#10;  webview_flutter_platform_interface 2.10.0 (2.11.0 available)&#10;  webview_flutter_wkwebview 3.18.6 (3.20.0 available)&#10;Got dependencies!&#10;83 packages have newer versions incompatible with dependency constraints.&#10;Try `flutter pub outdated` for more information.&#10;&#10;Running Gradle task &apos;assembleRelease&apos;...                        &#10;Note: Some input files use or override a deprecated API.&#10;Note: Recompile with -Xlint:deprecation for details.&#10;Note: Some input files use or override a deprecated API.&#10;Note: Recompile with -Xlint:deprecation for details.&#10;Note: Some input files use unchecked or unsafe operations.&#10;Note: Recompile with -Xlint:unchecked for details.&#10;&#10;FAILURE: Build failed with an exception.&#10;&#10;* What went wrong:&#10;Execution failed for task &apos;:app:mergeReleaseResources&apos;.&#10;&gt; A failure occurred while executing com.android.build.gradle.internal.res.Aapt2CompileRunnable&#10;   &gt; Android resource compilation failed&#10;     ERROR: F:\projects\Your-Seat-Graduation-Project\android\app\src\main\res\drawable\transparent_icon.png: AAPT: error: file failed to compile.&#10;&#10;&#10;* Try:&#10;&gt; Run with --stacktrace option to get the stack trace.&#10;&gt; Run with --info or --debug option to get more log output.&#10;&gt; Run with --scan to get full insights.&#10;&gt; Get more help at https://help.gradle.org.&#10;&#10;BUILD FAILED in 1m&#10;Running Gradle task &apos;assembleRelease&apos;...                           60.9s&#10;Gradle task assembleRelease failed with exit code 1&#10;" />
        
      </testcase>
    
  </testsuite>
</testsuites>
